<?xml version="1.0" encoding="UTF-8"?>
<testng-results ignored="0" total="1" passed="1" failed="0" skipped="0">
  <reporter-output>
  </reporter-output>
  <suite started-at="2021-07-23T18:04:25Z" name="Suite" finished-at="2021-07-23T18:05:02Z" duration-ms="36839">
    <groups>
    </groups>
    <test started-at="2021-07-23T18:04:25Z" name="TestNg" finished-at="2021-07-23T18:05:02Z" duration-ms="36839">
      <class name="com.snapdeal.scripts.TestScript1">
        <test-method is-config="true" signature="openBrowser(java.lang.String)[pri:0, instance:com.snapdeal.scripts.TestScript1@4ce1d6d0]" started-at="2021-07-23T18:04:25Z" name="openBrowser" finished-at="2021-07-23T18:04:27Z" duration-ms="2421" status="PASS">
          <params>
            <param index="0">
              <value>
                <![CDATA[chrome]]>
              </value>
            </param>
          </params>
          <reporter-output>
          </reporter-output>
        </test-method> <!-- openBrowser -->
        <test-method signature="allotment()[pri:0, instance:com.snapdeal.scripts.TestScript1@4ce1d6d0]" started-at="2021-07-23T18:04:27Z" name="allotment" finished-at="2021-07-23T18:05:01Z" duration-ms="33828" status="PASS">
          <reporter-output>
          </reporter-output>
        </test-method> <!-- allotment -->
        <test-method is-config="true" signature="closeBrowser()[pri:0, instance:com.snapdeal.scripts.TestScript1@4ce1d6d0]" started-at="2021-07-23T18:05:01Z" name="closeBrowser" finished-at="2021-07-23T18:05:02Z" duration-ms="561" status="PASS">
          <reporter-output>
          </reporter-output>
        </test-method> <!-- closeBrowser -->
      </class> <!-- com.snapdeal.scripts.TestScript1 -->
    </test> <!-- TestNg -->
  </suite> <!-- Suite -->
</testng-results>
